{"C:\\Users\\Jerome Penaflor\\Documents\\MyStuff\\full-stack-open\\part5\\bloglist-frontend\\src\\App.jsx": {"path":"C:\\Users\\Jerome Penaflor\\Documents\\MyStuff\\full-stack-open\\part5\\bloglist-frontend\\src\\App.jsx","statementMap":{"0":{"start":{"line":10,"column":12},"end":{"line":152,"column":1}},"1":{"start":{"line":11,"column":28},"end":{"line":11,"column":40}},"2":{"start":{"line":13,"column":34},"end":{"line":13,"column":46}},"3":{"start":{"line":14,"column":34},"end":{"line":14,"column":46}},"4":{"start":{"line":15,"column":26},"end":{"line":15,"column":40}},"5":{"start":{"line":17,"column":42},"end":{"line":17,"column":56}},"6":{"start":{"line":19,"column":2},"end":{"line":27,"column":8}},"7":{"start":{"line":20,"column":27},"end":{"line":20,"column":76}},"8":{"start":{"line":21,"column":4},"end":{"line":26,"column":5}},"9":{"start":{"line":22,"column":19},"end":{"line":22,"column":45}},"10":{"start":{"line":23,"column":6},"end":{"line":23,"column":19}},"11":{"start":{"line":24,"column":6},"end":{"line":24,"column":38}},"12":{"start":{"line":25,"column":6},"end":{"line":25,"column":19}},"13":{"start":{"line":29,"column":22},"end":{"line":32,"column":3}},"14":{"start":{"line":30,"column":21},"end":{"line":30,"column":47}},"15":{"start":{"line":31,"column":4},"end":{"line":31,"column":22}},"16":{"start":{"line":34,"column":25},"end":{"line":36,"column":3}},"17":{"start":{"line":35,"column":4},"end":{"line":35,"column":35}},"18":{"start":{"line":38,"column":25},"end":{"line":40,"column":3}},"19":{"start":{"line":39,"column":4},"end":{"line":39,"column":35}},"20":{"start":{"line":42,"column":22},"end":{"line":63,"column":3}},"21":{"start":{"line":43,"column":4},"end":{"line":43,"column":26}},"22":{"start":{"line":44,"column":4},"end":{"line":62,"column":5}},"23":{"start":{"line":45,"column":19},"end":{"line":47,"column":8}},"24":{"start":{"line":49,"column":6},"end":{"line":51,"column":7}},"25":{"start":{"line":53,"column":6},"end":{"line":53,"column":38}},"26":{"start":{"line":54,"column":6},"end":{"line":54,"column":19}},"27":{"start":{"line":55,"column":6},"end":{"line":55,"column":21}},"28":{"start":{"line":56,"column":6},"end":{"line":56,"column":21}},"29":{"start":{"line":58,"column":6},"end":{"line":60,"column":8}},"30":{"start":{"line":61,"column":6},"end":{"line":61,"column":53}},"31":{"start":{"line":61,"column":24},"end":{"line":61,"column":45}},"32":{"start":{"line":65,"column":23},"end":{"line":68,"column":3}},"33":{"start":{"line":66,"column":4},"end":{"line":66,"column":56}},"34":{"start":{"line":67,"column":4},"end":{"line":67,"column":17}},"35":{"start":{"line":70,"column":22},"end":{"line":70,"column":30}},"36":{"start":{"line":72,"column":18},"end":{"line":86,"column":3}},"37":{"start":{"line":73,"column":4},"end":{"line":73,"column":42}},"38":{"start":{"line":74,"column":4},"end":{"line":84,"column":5}},"39":{"start":{"line":75,"column":22},"end":{"line":75,"column":58}},"40":{"start":{"line":76,"column":6},"end":{"line":76,"column":37}},"41":{"start":{"line":77,"column":6},"end":{"line":79,"column":8}},"42":{"start":{"line":81,"column":6},"end":{"line":83,"column":8}},"43":{"start":{"line":85,"column":4},"end":{"line":85,"column":51}},"44":{"start":{"line":85,"column":22},"end":{"line":85,"column":43}},"45":{"start":{"line":88,"column":19},"end":{"line":94,"column":3}},"46":{"start":{"line":89,"column":4},"end":{"line":93,"column":5}},"47":{"start":{"line":96,"column":21},"end":{"line":106,"column":3}},"48":{"start":{"line":97,"column":4},"end":{"line":105,"column":5}},"49":{"start":{"line":98,"column":26},"end":{"line":98,"column":62}},"50":{"start":{"line":99,"column":6},"end":{"line":99,"column":82}},"51":{"start":{"line":99,"column":33},"end":{"line":99,"column":80}},"52":{"start":{"line":101,"column":6},"end":{"line":103,"column":8}},"53":{"start":{"line":104,"column":6},"end":{"line":104,"column":53}},"54":{"start":{"line":104,"column":24},"end":{"line":104,"column":45}},"55":{"start":{"line":108,"column":21},"end":{"line":123,"column":3}},"56":{"start":{"line":109,"column":4},"end":{"line":121,"column":5}},"57":{"start":{"line":110,"column":6},"end":{"line":116,"column":7}},"58":{"start":{"line":111,"column":8},"end":{"line":111,"column":44}},"59":{"start":{"line":112,"column":8},"end":{"line":112,"column":65}},"60":{"start":{"line":112,"column":38},"end":{"line":112,"column":63}},"61":{"start":{"line":113,"column":8},"end":{"line":115,"column":10}},"62":{"start":{"line":118,"column":6},"end":{"line":120,"column":8}},"63":{"start":{"line":122,"column":4},"end":{"line":122,"column":51}},"64":{"start":{"line":122,"column":22},"end":{"line":122,"column":43}},"65":{"start":{"line":125,"column":2},"end":{"line":134,"column":3}},"66":{"start":{"line":126,"column":4},"end":{"line":133,"column":5}},"67":{"start":{"line":136,"column":2},"end":{"line":151,"column":3}},"68":{"start":{"line":147,"column":30},"end":{"line":147,"column":49}},"69":{"start":{"line":148,"column":8},"end":{"line":148,"column":101}}},"fnMap":{"0":{"name":"(anonymous_0)","decl":{"start":{"line":10,"column":12},"end":{"line":10,"column":13}},"loc":{"start":{"line":10,"column":18},"end":{"line":152,"column":1}},"line":10},"1":{"name":"(anonymous_1)","decl":{"start":{"line":19,"column":18},"end":{"line":19,"column":19}},"loc":{"start":{"line":19,"column":24},"end":{"line":27,"column":3}},"line":19},"2":{"name":"(anonymous_2)","decl":{"start":{"line":29,"column":22},"end":{"line":29,"column":23}},"loc":{"start":{"line":29,"column":34},"end":{"line":32,"column":3}},"line":29},"3":{"name":"(anonymous_3)","decl":{"start":{"line":34,"column":25},"end":{"line":34,"column":26}},"loc":{"start":{"line":34,"column":36},"end":{"line":36,"column":3}},"line":34},"4":{"name":"(anonymous_4)","decl":{"start":{"line":38,"column":25},"end":{"line":38,"column":26}},"loc":{"start":{"line":38,"column":36},"end":{"line":40,"column":3}},"line":38},"5":{"name":"(anonymous_5)","decl":{"start":{"line":42,"column":22},"end":{"line":42,"column":23}},"loc":{"start":{"line":42,"column":39},"end":{"line":63,"column":3}},"line":42},"6":{"name":"(anonymous_6)","decl":{"start":{"line":61,"column":17},"end":{"line":61,"column":18}},"loc":{"start":{"line":61,"column":23},"end":{"line":61,"column":46}},"line":61},"7":{"name":"(anonymous_7)","decl":{"start":{"line":65,"column":23},"end":{"line":65,"column":24}},"loc":{"start":{"line":65,"column":29},"end":{"line":68,"column":3}},"line":65},"8":{"name":"(anonymous_8)","decl":{"start":{"line":72,"column":18},"end":{"line":72,"column":19}},"loc":{"start":{"line":72,"column":40},"end":{"line":86,"column":3}},"line":72},"9":{"name":"(anonymous_9)","decl":{"start":{"line":85,"column":15},"end":{"line":85,"column":16}},"loc":{"start":{"line":85,"column":21},"end":{"line":85,"column":44}},"line":85},"10":{"name":"(anonymous_10)","decl":{"start":{"line":88,"column":19},"end":{"line":88,"column":20}},"loc":{"start":{"line":88,"column":25},"end":{"line":94,"column":3}},"line":88},"11":{"name":"(anonymous_11)","decl":{"start":{"line":96,"column":21},"end":{"line":96,"column":22}},"loc":{"start":{"line":96,"column":43},"end":{"line":106,"column":3}},"line":96},"12":{"name":"(anonymous_12)","decl":{"start":{"line":99,"column":25},"end":{"line":99,"column":26}},"loc":{"start":{"line":99,"column":33},"end":{"line":99,"column":80}},"line":99},"13":{"name":"(anonymous_13)","decl":{"start":{"line":104,"column":17},"end":{"line":104,"column":18}},"loc":{"start":{"line":104,"column":23},"end":{"line":104,"column":46}},"line":104},"14":{"name":"(anonymous_14)","decl":{"start":{"line":108,"column":21},"end":{"line":108,"column":22}},"loc":{"start":{"line":108,"column":43},"end":{"line":123,"column":3}},"line":108},"15":{"name":"(anonymous_15)","decl":{"start":{"line":112,"column":30},"end":{"line":112,"column":31}},"loc":{"start":{"line":112,"column":38},"end":{"line":112,"column":63}},"line":112},"16":{"name":"(anonymous_16)","decl":{"start":{"line":122,"column":15},"end":{"line":122,"column":16}},"loc":{"start":{"line":122,"column":21},"end":{"line":122,"column":44}},"line":122},"17":{"name":"(anonymous_17)","decl":{"start":{"line":147,"column":18},"end":{"line":147,"column":19}},"loc":{"start":{"line":147,"column":30},"end":{"line":147,"column":49}},"line":147},"18":{"name":"(anonymous_18)","decl":{"start":{"line":147,"column":55},"end":{"line":147,"column":56}},"loc":{"start":{"line":148,"column":8},"end":{"line":148,"column":101}},"line":148}},"branchMap":{"0":{"loc":{"start":{"line":21,"column":4},"end":{"line":26,"column":5}},"type":"if","locations":[{"start":{"line":21,"column":4},"end":{"line":26,"column":5}},{"start":{},"end":{}}],"line":21},"1":{"loc":{"start":{"line":99,"column":33},"end":{"line":99,"column":80}},"type":"cond-expr","locations":[{"start":{"line":99,"column":62},"end":{"line":99,"column":66}},{"start":{"line":99,"column":69},"end":{"line":99,"column":80}}],"line":99},"2":{"loc":{"start":{"line":110,"column":6},"end":{"line":116,"column":7}},"type":"if","locations":[{"start":{"line":110,"column":6},"end":{"line":116,"column":7}},{"start":{},"end":{}}],"line":110},"3":{"loc":{"start":{"line":125,"column":2},"end":{"line":134,"column":3}},"type":"if","locations":[{"start":{"line":125,"column":2},"end":{"line":134,"column":3}},{"start":{},"end":{}}],"line":125}},"s":{"0":0,"1":0,"2":0,"3":0,"4":0,"5":0,"6":0,"7":0,"8":0,"9":0,"10":0,"11":0,"12":0,"13":0,"14":0,"15":0,"16":0,"17":0,"18":0,"19":0,"20":0,"21":0,"22":0,"23":0,"24":0,"25":0,"26":0,"27":0,"28":0,"29":0,"30":0,"31":0,"32":0,"33":0,"34":0,"35":0,"36":0,"37":0,"38":0,"39":0,"40":0,"41":0,"42":0,"43":0,"44":0,"45":0,"46":0,"47":0,"48":0,"49":0,"50":0,"51":0,"52":0,"53":0,"54":0,"55":0,"56":0,"57":0,"58":0,"59":0,"60":0,"61":0,"62":0,"63":0,"64":0,"65":0,"66":0,"67":0,"68":0,"69":0},"f":{"0":0,"1":0,"2":0,"3":0,"4":0,"5":0,"6":0,"7":0,"8":0,"9":0,"10":0,"11":0,"12":0,"13":0,"14":0,"15":0,"16":0,"17":0,"18":0},"b":{"0":[0,0],"1":[0,0],"2":[0,0],"3":[0,0]}}
,"C:\\Users\\Jerome Penaflor\\Documents\\MyStuff\\full-stack-open\\part5\\bloglist-frontend\\src\\main.jsx": {"path":"C:\\Users\\Jerome Penaflor\\Documents\\MyStuff\\full-stack-open\\part5\\bloglist-frontend\\src\\main.jsx","statementMap":{"0":{"start":{"line":4,"column":0},"end":{"line":4,"column":68}}},"fnMap":{},"branchMap":{},"s":{"0":0},"f":{},"b":{}}
,"C:\\Users\\Jerome Penaflor\\Documents\\MyStuff\\full-stack-open\\part5\\bloglist-frontend\\src\\components\\Blog.jsx": {"path":"C:\\Users\\Jerome Penaflor\\Documents\\MyStuff\\full-stack-open\\part5\\bloglist-frontend\\src\\components\\Blog.jsx","statementMap":{"0":{"start":{"line":3,"column":13},"end":{"line":61,"column":1}},"1":{"start":{"line":4,"column":20},"end":{"line":10,"column":3}},"2":{"start":{"line":12,"column":26},"end":{"line":12,"column":41}},"3":{"start":{"line":13,"column":38},"end":{"line":13,"column":52}},"4":{"start":{"line":15,"column":25},"end":{"line":15,"column":56}},"5":{"start":{"line":16,"column":25},"end":{"line":16,"column":56}},"6":{"start":{"line":18,"column":21},"end":{"line":20,"column":3}},"7":{"start":{"line":19,"column":4},"end":{"line":19,"column":18}},"8":{"start":{"line":22,"column":22},"end":{"line":30,"column":3}},"9":{"start":{"line":23,"column":4},"end":{"line":23,"column":26}},"10":{"start":{"line":24,"column":25},"end":{"line":27,"column":5}},"11":{"start":{"line":28,"column":4},"end":{"line":28,"column":30}},"12":{"start":{"line":29,"column":4},"end":{"line":29,"column":30}},"13":{"start":{"line":32,"column":23},"end":{"line":32,"column":45}},"14":{"start":{"line":32,"column":29},"end":{"line":32,"column":45}},"15":{"start":{"line":34,"column":2},"end":{"line":60,"column":3}}},"fnMap":{"0":{"name":"(anonymous_0)","decl":{"start":{"line":3,"column":13},"end":{"line":3,"column":14}},"loc":{"start":{"line":3,"column":54},"end":{"line":61,"column":1}},"line":3},"1":{"name":"(anonymous_1)","decl":{"start":{"line":18,"column":21},"end":{"line":18,"column":22}},"loc":{"start":{"line":18,"column":27},"end":{"line":20,"column":3}},"line":18},"2":{"name":"(anonymous_2)","decl":{"start":{"line":22,"column":22},"end":{"line":22,"column":23}},"loc":{"start":{"line":22,"column":33},"end":{"line":30,"column":3}},"line":22},"3":{"name":"(anonymous_3)","decl":{"start":{"line":32,"column":23},"end":{"line":32,"column":24}},"loc":{"start":{"line":32,"column":29},"end":{"line":32,"column":45}},"line":32}},"branchMap":{"0":{"loc":{"start":{"line":15,"column":36},"end":{"line":15,"column":54}},"type":"cond-expr","locations":[{"start":{"line":15,"column":43},"end":{"line":15,"column":49}},{"start":{"line":15,"column":52},"end":{"line":15,"column":54}}],"line":15},"1":{"loc":{"start":{"line":16,"column":36},"end":{"line":16,"column":54}},"type":"cond-expr","locations":[{"start":{"line":16,"column":43},"end":{"line":16,"column":45}},{"start":{"line":16,"column":48},"end":{"line":16,"column":54}}],"line":16}},"s":{"0":1,"1":7,"2":7,"3":7,"4":7,"5":7,"6":7,"7":2,"8":7,"9":2,"10":2,"11":2,"12":2,"13":7,"14":0,"15":7},"f":{"0":7,"1":2,"2":2,"3":0},"b":{"0":[4,3],"1":[4,3]},"_coverageSchema":"1a1c01bbd47fc00a2c39e90264f33305004495a9","hash":"44fbf09332c6e873b8757cef0bb92b77e32a3c10"}
,"C:\\Users\\Jerome Penaflor\\Documents\\MyStuff\\full-stack-open\\part5\\bloglist-frontend\\src\\components\\BlogForm.jsx": {"path":"C:\\Users\\Jerome Penaflor\\Documents\\MyStuff\\full-stack-open\\part5\\bloglist-frontend\\src\\components\\BlogForm.jsx","statementMap":{"0":{"start":{"line":3,"column":17},"end":{"line":43,"column":1}},"1":{"start":{"line":4,"column":28},"end":{"line":4,"column":40}},"2":{"start":{"line":5,"column":30},"end":{"line":5,"column":42}},"3":{"start":{"line":6,"column":24},"end":{"line":6,"column":36}},"4":{"start":{"line":8,"column":18},"end":{"line":19,"column":3}},"5":{"start":{"line":9,"column":4},"end":{"line":9,"column":26}},"6":{"start":{"line":10,"column":4},"end":{"line":14,"column":6}},"7":{"start":{"line":16,"column":4},"end":{"line":16,"column":16}},"8":{"start":{"line":17,"column":4},"end":{"line":17,"column":17}},"9":{"start":{"line":18,"column":4},"end":{"line":18,"column":14}},"10":{"start":{"line":21,"column":2},"end":{"line":42,"column":3}},"11":{"start":{"line":27,"column":34},"end":{"line":27,"column":62}},"12":{"start":{"line":31,"column":34},"end":{"line":31,"column":63}},"13":{"start":{"line":35,"column":34},"end":{"line":35,"column":60}}},"fnMap":{"0":{"name":"(anonymous_0)","decl":{"start":{"line":3,"column":17},"end":{"line":3,"column":18}},"loc":{"start":{"line":3,"column":37},"end":{"line":43,"column":1}},"line":3},"1":{"name":"(anonymous_1)","decl":{"start":{"line":8,"column":18},"end":{"line":8,"column":19}},"loc":{"start":{"line":8,"column":29},"end":{"line":19,"column":3}},"line":8},"2":{"name":"(anonymous_2)","decl":{"start":{"line":27,"column":23},"end":{"line":27,"column":24}},"loc":{"start":{"line":27,"column":34},"end":{"line":27,"column":62}},"line":27},"3":{"name":"(anonymous_3)","decl":{"start":{"line":31,"column":23},"end":{"line":31,"column":24}},"loc":{"start":{"line":31,"column":34},"end":{"line":31,"column":63}},"line":31},"4":{"name":"(anonymous_4)","decl":{"start":{"line":35,"column":23},"end":{"line":35,"column":24}},"loc":{"start":{"line":35,"column":34},"end":{"line":35,"column":60}},"line":35}},"branchMap":{},"s":{"0":1,"1":117,"2":117,"3":117,"4":117,"5":1,"6":1,"7":1,"8":1,"9":1,"10":117,"11":32,"12":11,"13":72},"f":{"0":117,"1":1,"2":32,"3":11,"4":72},"b":{},"_coverageSchema":"1a1c01bbd47fc00a2c39e90264f33305004495a9","hash":"ec8465ac0d9ffe376d9402e61572b7aa7ceba67b"}
,"C:\\Users\\Jerome Penaflor\\Documents\\MyStuff\\full-stack-open\\part5\\bloglist-frontend\\src\\components\\LoginForm.jsx": {"path":"C:\\Users\\Jerome Penaflor\\Documents\\MyStuff\\full-stack-open\\part5\\bloglist-frontend\\src\\components\\LoginForm.jsx","statementMap":{"0":{"start":{"line":3,"column":18},"end":{"line":19,"column":1}},"1":{"start":{"line":4,"column":2},"end":{"line":18,"column":3}},"2":{"start":{"line":21,"column":0},"end":{"line":24,"column":1}}},"fnMap":{"0":{"name":"(anonymous_0)","decl":{"start":{"line":3,"column":18},"end":{"line":3,"column":19}},"loc":{"start":{"line":3,"column":91},"end":{"line":19,"column":1}},"line":3}},"branchMap":{},"s":{"0":0,"1":0,"2":0},"f":{"0":0},"b":{}}
,"C:\\Users\\Jerome Penaflor\\Documents\\MyStuff\\full-stack-open\\part5\\bloglist-frontend\\src\\components\\Notification.jsx": {"path":"C:\\Users\\Jerome Penaflor\\Documents\\MyStuff\\full-stack-open\\part5\\bloglist-frontend\\src\\components\\Notification.jsx","statementMap":{"0":{"start":{"line":1,"column":21},"end":{"line":31,"column":1}},"1":{"start":{"line":2,"column":2},"end":{"line":4,"column":3}},"2":{"start":{"line":3,"column":4},"end":{"line":3,"column":15}},"3":{"start":{"line":6,"column":18},"end":{"line":14,"column":3}},"4":{"start":{"line":16,"column":16},"end":{"line":24,"column":3}},"5":{"start":{"line":26,"column":2},"end":{"line":30,"column":3}}},"fnMap":{"0":{"name":"(anonymous_0)","decl":{"start":{"line":1,"column":21},"end":{"line":1,"column":22}},"loc":{"start":{"line":1,"column":38},"end":{"line":31,"column":1}},"line":1}},"branchMap":{"0":{"loc":{"start":{"line":2,"column":2},"end":{"line":4,"column":3}},"type":"if","locations":[{"start":{"line":2,"column":2},"end":{"line":4,"column":3}},{"start":{},"end":{}}],"line":2},"1":{"loc":{"start":{"line":27,"column":17},"end":{"line":27,"column":58}},"type":"cond-expr","locations":[{"start":{"line":27,"column":44},"end":{"line":27,"column":49}},{"start":{"line":27,"column":51},"end":{"line":27,"column":58}}],"line":27}},"s":{"0":0,"1":0,"2":0,"3":0,"4":0,"5":0},"f":{"0":0},"b":{"0":[0,0],"1":[0,0]}}
,"C:\\Users\\Jerome Penaflor\\Documents\\MyStuff\\full-stack-open\\part5\\bloglist-frontend\\src\\components\\Togglable.jsx": {"path":"C:\\Users\\Jerome Penaflor\\Documents\\MyStuff\\full-stack-open\\part5\\bloglist-frontend\\src\\components\\Togglable.jsx","statementMap":{"0":{"start":{"line":4,"column":18},"end":{"line":31,"column":2}},"1":{"start":{"line":5,"column":32},"end":{"line":5,"column":47}},"2":{"start":{"line":7,"column":26},"end":{"line":7,"column":60}},"3":{"start":{"line":8,"column":26},"end":{"line":8,"column":60}},"4":{"start":{"line":10,"column":27},"end":{"line":12,"column":3}},"5":{"start":{"line":11,"column":4},"end":{"line":11,"column":24}},"6":{"start":{"line":14,"column":2},"end":{"line":18,"column":4}},"7":{"start":{"line":15,"column":4},"end":{"line":17,"column":5}},"8":{"start":{"line":20,"column":2},"end":{"line":30,"column":3}},"9":{"start":{"line":33,"column":0},"end":{"line":33,"column":35}},"10":{"start":{"line":35,"column":0},"end":{"line":37,"column":1}}},"fnMap":{"0":{"name":"(anonymous_0)","decl":{"start":{"line":4,"column":29},"end":{"line":4,"column":30}},"loc":{"start":{"line":4,"column":45},"end":{"line":31,"column":1}},"line":4},"1":{"name":"(anonymous_1)","decl":{"start":{"line":10,"column":27},"end":{"line":10,"column":28}},"loc":{"start":{"line":10,"column":33},"end":{"line":12,"column":3}},"line":10},"2":{"name":"(anonymous_2)","decl":{"start":{"line":14,"column":27},"end":{"line":14,"column":28}},"loc":{"start":{"line":14,"column":33},"end":{"line":18,"column":3}},"line":14}},"branchMap":{"0":{"loc":{"start":{"line":7,"column":37},"end":{"line":7,"column":58}},"type":"cond-expr","locations":[{"start":{"line":7,"column":47},"end":{"line":7,"column":53}},{"start":{"line":7,"column":56},"end":{"line":7,"column":58}}],"line":7},"1":{"loc":{"start":{"line":8,"column":37},"end":{"line":8,"column":58}},"type":"cond-expr","locations":[{"start":{"line":8,"column":47},"end":{"line":8,"column":49}},{"start":{"line":8,"column":52},"end":{"line":8,"column":58}}],"line":8}},"s":{"0":0,"1":0,"2":0,"3":0,"4":0,"5":0,"6":0,"7":0,"8":0,"9":0,"10":0},"f":{"0":0,"1":0,"2":0},"b":{"0":[0,0],"1":[0,0]}}
,"C:\\Users\\Jerome Penaflor\\Documents\\MyStuff\\full-stack-open\\part5\\bloglist-frontend\\src\\services\\blogs.js": {"path":"C:\\Users\\Jerome Penaflor\\Documents\\MyStuff\\full-stack-open\\part5\\bloglist-frontend\\src\\services\\blogs.js","statementMap":{"0":{"start":{"line":2,"column":16},"end":{"line":2,"column":28}},"1":{"start":{"line":4,"column":12},"end":{"line":4,"column":16}},"2":{"start":{"line":6,"column":24},"end":{"line":8,"column":1}},"3":{"start":{"line":7,"column":2},"end":{"line":7,"column":30}},"4":{"start":{"line":10,"column":22},"end":{"line":13,"column":1}},"5":{"start":{"line":11,"column":18},"end":{"line":11,"column":36}},"6":{"start":{"line":12,"column":2},"end":{"line":12,"column":48}},"7":{"start":{"line":12,"column":34},"end":{"line":12,"column":47}},"8":{"start":{"line":15,"column":22},"end":{"line":22,"column":1}},"9":{"start":{"line":16,"column":17},"end":{"line":18,"column":3}},"10":{"start":{"line":20,"column":18},"end":{"line":20,"column":56}},"11":{"start":{"line":21,"column":2},"end":{"line":21,"column":48}},"12":{"start":{"line":21,"column":34},"end":{"line":21,"column":47}},"13":{"start":{"line":24,"column":22},"end":{"line":27,"column":1}},"14":{"start":{"line":25,"column":18},"end":{"line":25,"column":68}},"15":{"start":{"line":26,"column":2},"end":{"line":26,"column":48}},"16":{"start":{"line":26,"column":34},"end":{"line":26,"column":47}},"17":{"start":{"line":29,"column":22},"end":{"line":35,"column":1}},"18":{"start":{"line":30,"column":17},"end":{"line":32,"column":3}},"19":{"start":{"line":33,"column":18},"end":{"line":33,"column":73}},"20":{"start":{"line":34,"column":2},"end":{"line":34,"column":48}},"21":{"start":{"line":34,"column":34},"end":{"line":34,"column":47}}},"fnMap":{"0":{"name":"(anonymous_0)","decl":{"start":{"line":6,"column":24},"end":{"line":6,"column":25}},"loc":{"start":{"line":6,"column":36},"end":{"line":8,"column":1}},"line":6},"1":{"name":"(anonymous_1)","decl":{"start":{"line":10,"column":22},"end":{"line":10,"column":23}},"loc":{"start":{"line":10,"column":28},"end":{"line":13,"column":1}},"line":10},"2":{"name":"(anonymous_2)","decl":{"start":{"line":12,"column":22},"end":{"line":12,"column":23}},"loc":{"start":{"line":12,"column":34},"end":{"line":12,"column":47}},"line":12},"3":{"name":"(anonymous_3)","decl":{"start":{"line":15,"column":22},"end":{"line":15,"column":23}},"loc":{"start":{"line":15,"column":35},"end":{"line":22,"column":1}},"line":15},"4":{"name":"(anonymous_4)","decl":{"start":{"line":21,"column":22},"end":{"line":21,"column":23}},"loc":{"start":{"line":21,"column":34},"end":{"line":21,"column":47}},"line":21},"5":{"name":"(anonymous_5)","decl":{"start":{"line":24,"column":22},"end":{"line":24,"column":23}},"loc":{"start":{"line":24,"column":35},"end":{"line":27,"column":1}},"line":24},"6":{"name":"(anonymous_6)","decl":{"start":{"line":26,"column":22},"end":{"line":26,"column":23}},"loc":{"start":{"line":26,"column":34},"end":{"line":26,"column":47}},"line":26},"7":{"name":"(anonymous_7)","decl":{"start":{"line":29,"column":22},"end":{"line":29,"column":23}},"loc":{"start":{"line":29,"column":40},"end":{"line":35,"column":1}},"line":29},"8":{"name":"(anonymous_8)","decl":{"start":{"line":34,"column":22},"end":{"line":34,"column":23}},"loc":{"start":{"line":34,"column":34},"end":{"line":34,"column":47}},"line":34}},"branchMap":{},"s":{"0":0,"1":0,"2":0,"3":0,"4":0,"5":0,"6":0,"7":0,"8":0,"9":0,"10":0,"11":0,"12":0,"13":0,"14":0,"15":0,"16":0,"17":0,"18":0,"19":0,"20":0,"21":0},"f":{"0":0,"1":0,"2":0,"3":0,"4":0,"5":0,"6":0,"7":0,"8":0},"b":{}}
,"C:\\Users\\Jerome Penaflor\\Documents\\MyStuff\\full-stack-open\\part5\\bloglist-frontend\\src\\services\\login.js": {"path":"C:\\Users\\Jerome Penaflor\\Documents\\MyStuff\\full-stack-open\\part5\\bloglist-frontend\\src\\services\\login.js","statementMap":{"0":{"start":{"line":2,"column":16},"end":{"line":2,"column":28}},"1":{"start":{"line":4,"column":21},"end":{"line":7,"column":1}},"2":{"start":{"line":5,"column":19},"end":{"line":5,"column":57}},"3":{"start":{"line":6,"column":2},"end":{"line":6,"column":22}}},"fnMap":{"0":{"name":"(anonymous_0)","decl":{"start":{"line":4,"column":21},"end":{"line":4,"column":22}},"loc":{"start":{"line":4,"column":42},"end":{"line":7,"column":1}},"line":4}},"branchMap":{},"s":{"0":0,"1":0,"2":0,"3":0},"f":{"0":0},"b":{}}
}
